<?xml version="1.0" encoding="UTF-8"?>
<testsuite name="com.dummy.dummy.DummyApplicationTests" tests="1" skipped="0" failures="0" errors="0" timestamp="2021-11-24T01:49:00" hostname="gdelis-ThinkPad-X280" time="0.253">
  <properties/>
  <testcase name="contextLoads()" classname="com.dummy.dummy.DummyApplicationTests" time="0.253"/>
  <system-out><![CDATA[01:48:58.493 [Test worker] DEBUG org.springframework.test.context.BootstrapUtils - Instantiating CacheAwareContextLoaderDelegate from class [org.springframework.test.context.cache.DefaultCacheAwareContextLoaderDelegate]
01:48:58.503 [Test worker] DEBUG org.springframework.test.context.BootstrapUtils - Instantiating BootstrapContext using constructor [public org.springframework.test.context.support.DefaultBootstrapContext(java.lang.Class,org.springframework.test.context.CacheAwareContextLoaderDelegate)]
01:48:58.533 [Test worker] DEBUG org.springframework.test.context.BootstrapUtils - Instantiating TestContextBootstrapper for test class [com.dummy.dummy.DummyApplicationTests] from class [org.springframework.boot.test.context.SpringBootTestContextBootstrapper]
01:48:58.541 [Test worker] INFO org.springframework.boot.test.context.SpringBootTestContextBootstrapper - Neither @ContextConfiguration nor @ContextHierarchy found for test class [com.dummy.dummy.DummyApplicationTests], using SpringBootContextLoader
01:48:58.545 [Test worker] DEBUG org.springframework.test.context.support.AbstractContextLoader - Did not detect default resource location for test class [com.dummy.dummy.DummyApplicationTests]: class path resource [com/dummy/dummy/DummyApplicationTests-context.xml] does not exist
01:48:58.546 [Test worker] DEBUG org.springframework.test.context.support.AbstractContextLoader - Did not detect default resource location for test class [com.dummy.dummy.DummyApplicationTests]: class path resource [com/dummy/dummy/DummyApplicationTestsContext.groovy] does not exist
01:48:58.546 [Test worker] INFO org.springframework.test.context.support.AbstractContextLoader - Could not detect default resource locations for test class [com.dummy.dummy.DummyApplicationTests]: no resource found for suffixes {-context.xml, Context.groovy}.
01:48:58.547 [Test worker] INFO org.springframework.test.context.support.AnnotationConfigContextLoaderUtils - Could not detect default configuration classes for test class [com.dummy.dummy.DummyApplicationTests]: DummyApplicationTests does not declare any static, non-private, non-final, nested classes annotated with @Configuration.
01:48:58.594 [Test worker] DEBUG org.springframework.test.context.support.ActiveProfilesUtils - Could not find an 'annotation declaring class' for annotation type [org.springframework.test.context.ActiveProfiles] and class [com.dummy.dummy.DummyApplicationTests]
01:48:58.641 [Test worker] DEBUG org.springframework.context.annotation.ClassPathScanningCandidateComponentProvider - Identified candidate component class: file [/home/gdelis/Projects/actions-fundamental/build/classes/java/main/com/dummy/dummy/DummyApplication.class]
01:48:58.642 [Test worker] INFO org.springframework.boot.test.context.SpringBootTestContextBootstrapper - Found @SpringBootConfiguration com.dummy.dummy.DummyApplication for test class com.dummy.dummy.DummyApplicationTests
01:48:58.719 [Test worker] DEBUG org.springframework.boot.test.context.SpringBootTestContextBootstrapper - @TestExecutionListeners is not present for class [com.dummy.dummy.DummyApplicationTests]: using defaults.
01:48:58.719 [Test worker] INFO org.springframework.boot.test.context.SpringBootTestContextBootstrapper - Loaded default TestExecutionListener class names from location [META-INF/spring.factories]: [org.springframework.boot.test.autoconfigure.restdocs.RestDocsTestExecutionListener, org.springframework.boot.test.autoconfigure.web.client.MockRestServiceServerResetTestExecutionListener, org.springframework.boot.test.autoconfigure.web.servlet.MockMvcPrintOnlyOnFailureTestExecutionListener, org.springframework.boot.test.autoconfigure.web.servlet.WebDriverTestExecutionListener, org.springframework.boot.test.autoconfigure.webservices.client.MockWebServiceServerTestExecutionListener, org.springframework.boot.test.mock.mockito.MockitoTestExecutionListener, org.springframework.boot.test.mock.mockito.ResetMocksTestExecutionListener, org.springframework.test.context.web.ServletTestExecutionListener, org.springframework.test.context.support.DirtiesContextBeforeModesTestExecutionListener, org.springframework.test.context.event.ApplicationEventsTestExecutionListener, org.springframework.test.context.support.DependencyInjectionTestExecutionListener, org.springframework.test.context.support.DirtiesContextTestExecutionListener, org.springframework.test.context.transaction.TransactionalTestExecutionListener, org.springframework.test.context.jdbc.SqlScriptsTestExecutionListener, org.springframework.test.context.event.EventPublishingTestExecutionListener]
01:48:58.728 [Test worker] DEBUG org.springframework.boot.test.context.SpringBootTestContextBootstrapper - Skipping candidate TestExecutionListener [org.springframework.test.context.transaction.TransactionalTestExecutionListener] due to a missing dependency. Specify custom listener classes or make the default listener classes and their required dependencies available. Offending class: [org/springframework/transaction/TransactionDefinition]
01:48:58.729 [Test worker] DEBUG org.springframework.boot.test.context.SpringBootTestContextBootstrapper - Skipping candidate TestExecutionListener [org.springframework.test.context.jdbc.SqlScriptsTestExecutionListener] due to a missing dependency. Specify custom listener classes or make the default listener classes and their required dependencies available. Offending class: [org/springframework/transaction/interceptor/TransactionAttribute]
01:48:58.729 [Test worker] INFO org.springframework.boot.test.context.SpringBootTestContextBootstrapper - Using TestExecutionListeners: [org.springframework.test.context.web.ServletTestExecutionListener@4263b080, org.springframework.test.context.support.DirtiesContextBeforeModesTestExecutionListener@2af616d3, org.springframework.test.context.event.ApplicationEventsTestExecutionListener@71f67a79, org.springframework.boot.test.mock.mockito.MockitoTestExecutionListener@3deb2326, org.springframework.boot.test.autoconfigure.SpringBootDependencyInjectionTestExecutionListener@62d363ab, org.springframework.test.context.support.DirtiesContextTestExecutionListener@7889a1ac, org.springframework.test.context.event.EventPublishingTestExecutionListener@3aee3976, org.springframework.boot.test.autoconfigure.restdocs.RestDocsTestExecutionListener@5ef8df1e, org.springframework.boot.test.autoconfigure.web.client.MockRestServiceServerResetTestExecutionListener@27cf3151, org.springframework.boot.test.autoconfigure.web.servlet.MockMvcPrintOnlyOnFailureTestExecutionListener@127e70c5, org.springframework.boot.test.autoconfigure.web.servlet.WebDriverTestExecutionListener@5910de75, org.springframework.boot.test.autoconfigure.webservices.client.MockWebServiceServerTestExecutionListener@4108fa66, org.springframework.boot.test.mock.mockito.ResetMocksTestExecutionListener@1f130eaf]
01:48:58.732 [Test worker] DEBUG org.springframework.test.context.support.AbstractDirtiesContextTestExecutionListener - Before test class: context [DefaultTestContext@1b58ff9e testClass = DummyApplicationTests, testInstance = [null], testMethod = [null], testException = [null], mergedContextConfiguration = [WebMergedContextConfiguration@2f66e802 testClass = DummyApplicationTests, locations = '{}', classes = '{class com.dummy.dummy.DummyApplication}', contextInitializerClasses = '[]', activeProfiles = '{}', propertySourceLocations = '{}', propertySourceProperties = '{org.springframework.boot.test.context.SpringBootTestContextBootstrapper=true}', contextCustomizers = set[org.springframework.boot.test.autoconfigure.actuate.metrics.MetricsExportContextCustomizerFactory$DisableMetricExportContextCustomizer@1a9c38eb, org.springframework.boot.test.autoconfigure.properties.PropertyMappingContextCustomizer@0, org.springframework.boot.test.autoconfigure.web.servlet.WebDriverContextCustomizerFactory$Customizer@6b7906b3, org.springframework.boot.test.context.filter.ExcludeFilterContextCustomizer@52d239ba, org.springframework.boot.test.json.DuplicateJsonObjectContextCustomizerFactory$DuplicateJsonObjectContextCustomizer@6c5945a7, org.springframework.boot.test.mock.mockito.MockitoContextCustomizer@0, org.springframework.boot.test.web.client.TestRestTemplateContextCustomizer@2374d36a, org.springframework.boot.test.context.SpringBootTestArgs@1, org.springframework.boot.test.context.SpringBootTestWebEnvironment@7139992f], resourceBasePath = 'src/main/webapp', contextLoader = 'org.springframework.boot.test.context.SpringBootContextLoader', parent = [null]], attributes = map['org.springframework.test.context.web.ServletTestExecutionListener.activateListener' -> true]], class annotated with @DirtiesContext [false] with mode [null].
01:48:58.804 [Test worker] DEBUG org.springframework.boot.ApplicationServletEnvironment - Activating profiles []
01:48:58.807 [Test worker] DEBUG org.springframework.test.context.support.TestPropertySourceUtils - Adding inlined properties to environment: {spring.jmx.enabled=false, org.springframework.boot.test.context.SpringBootTestContextBootstrapper=true}

  .   ____          _            __ _ _
 /\\ / ___'_ __ _ _(_)_ __  __ _ \ \ \ \
( ( )\___ | '_ | '_| | '_ \/ _` | \ \ \ \
 \\/  ___)| |_)| | | | | || (_| |  ) ) ) )
  '  |____| .__|_| |_|_| |_\__, | / / / /
 =========|_|==============|___/=/_/_/_/
 :: Spring Boot ::                (v2.6.0)

2021-11-24 01:48:59.013  INFO 158116 --- [    Test worker] com.dummy.dummy.DummyApplicationTests    : Starting DummyApplicationTests using Java 11.0.10 on gdelis-ThinkPad-X280 with PID 158116 (started by gdelis in /home/gdelis/Projects/actions-fundamental)
2021-11-24 01:48:59.014  INFO 158116 --- [    Test worker] com.dummy.dummy.DummyApplicationTests    : No active profile set, falling back to default profiles: default
2021-11-24 01:49:00.196  INFO 158116 --- [    Test worker] com.dummy.dummy.DummyApplicationTests    : Started DummyApplicationTests in 1.387 seconds (JVM running for 2.426)
]]></system-out>
  <system-err><![CDATA[]]></system-err>
</testsuite>
